79:07-16 15:29:57.201 18940 18940 I Timeline: Timeline: Activity_launch_request time:193341201 intent:Intent { act=android.intent.action.MAIN cat=[android.intent.category.LAUNCHER] flg=0x10200000 cmp=com.android.todolist/.MainActivity bnds=[224,91][333,200] (has extras) }
81:07-16 15:29:57.205  1474  2430 I ActivityManager: START u0 {act=android.intent.action.MAIN cat=[android.intent.category.LAUNCHER] flg=0x10200000 cmp=com.android.todolist/.MainActivity bnds=[224,91][333,200] (has extras)} from uid 10716 on display 0
84:07-16 15:29:57.245  1474  2430 I ActivityManager: Start proc 14794:com.android.todolist/u0a155 for activity com.android.todolist/.MainActivity caller=com.mi.android.globallauncher
86:07-16 15:29:57.245 26068 26093 D PowerKeeper.Event: notifyAMProcStart processName: 10155 reason: com.android.todolist, pid:0
105:07-16 15:29:57.299  2549 25005 I ProcessMonitor: onForegroundInfoChanged: ForegroundInfo{mForegroundPackageName='com.android.todolist', mForegroundUid=10155, mForegroundPid=14794, mLastForegroundPackageName='com.mi.android.globallauncher', mLastForegroundUid=10716, mLastForegroundPid=18940, mMultiWindowForegroundPackageName='null', mMultiWindowForegroundUid=-1, mFlags=1}
106:07-16 15:29:57.299  2549 25005 I GameBoosterService: onForegroundInfoChanged: Cur=com.android.todolist	 last=com.mi.android.globallauncher
107:07-16 15:29:57.300  2549 25005 D GameBoosterService: onGameStatusChange foreground:ForegroundInfo{mForegroundPackageName='com.android.todolist', mForegroundUid=10155, mForegroundPid=14794, mLastForegroundPackageName='com.mi.android.globallauncher', mLastForegroundUid=10716, mLastForegroundPid=18940, mMultiWindowForegroundPackageName='null', mMultiWindowForegroundUid=-1, mFlags=1}
118:07-16 15:29:57.375 14794 14794 W System  : ClassLoader referenced unknown path: /data/app/com.android.todolist-1/lib/arm64
121:07-16 15:29:57.479 14794 14794 D AccessibilityManager: current package=com.android.todolist, accessibility manager mIsFinalEnabled=false, mOptimizeEnabled=false, mIsUiAutomationEnabled=false, mIsInterestedPackage=false
129:07-16 15:29:57.522 14794 14794 I art     :   at void com.android.todolist.MainActivity.onCreate(android.os.Bundle) (MainActivity.kt:34)
142:07-16 15:29:57.523 14794 14794 I art     : Caused by: java.lang.ClassNotFoundException: Didn't find class "android.view.View$OnUnhandledKeyEventListener" on path: DexPathList[[zip file "/data/app/com.android.todolist-1/base.apk"],nativeLibraryDirectories=[/data/app/com.android.todolist-1/lib/arm64, /system/lib64, /vendor/lib64]]
151:07-16 15:29:57.523 14794 14794 I art     :   at void com.android.todolist.MainActivity.onCreate(android.os.Bundle) (MainActivity.kt:34)
191:07-16 15:29:57.903  1474  1545 I ActivityManager: Displayed com.android.todolist/.MainActivity: +676ms
192:07-16 15:29:57.903  1474  1545 I Timeline: Timeline: Activity_windows_visible id: ActivityRecord{4050b67 u0 com.android.todolist/.MainActivity t46199} time:193341903
193:07-16 15:29:57.904 26068 26093 D PowerKeeper.Event: notifyActivityLaunchTime: com.android.todolist/.MainActivity totalTime: 676
3863:07-16 15:32:54.738  2549  3918 I ProcessMonitor: onForegroundInfoChanged: ForegroundInfo{mForegroundPackageName='com.mi.android.globallauncher', mForegroundUid=10716, mForegroundPid=18940, mLastForegroundPackageName='com.android.todolist', mLastForegroundUid=10155, mLastForegroundPid=14794, mMultiWindowForegroundPackageName='null', mMultiWindowForegroundUid=-1, mFlags=0}
3864:07-16 15:32:54.738  2549  3918 I GameBoosterService: onForegroundInfoChanged: Cur=com.mi.android.globallauncher	 last=com.android.todolist
3866:07-16 15:32:54.738  2549  3918 D GameBoosterService: onGameStatusChange foreground:ForegroundInfo{mForegroundPackageName='com.mi.android.globallauncher', mForegroundUid=10716, mForegroundPid=18940, mLastForegroundPackageName='com.android.todolist', mLastForegroundUid=10155, mLastForegroundPid=14794, mMultiWindowForegroundPackageName='null', mMultiWindowForegroundUid=-1, mFlags=0}
3943:07-16 15:32:55.713 18940 18940 I Timeline: Timeline: Activity_launch_request time:193519712 intent:Intent { act=android.intent.action.MAIN cat=[android.intent.category.LAUNCHER] flg=0x10200000 cmp=com.android.todolist/.MainActivity bnds=[224,91][333,200] (has extras) }
3945:07-16 15:32:55.716  1474  2857 I ActivityManager: START u0 {act=android.intent.action.MAIN cat=[android.intent.category.LAUNCHER] flg=0x10200000 cmp=com.android.todolist/.MainActivity bnds=[224,91][333,200] (has extras)} from uid 10716 on display 0
3951:07-16 15:32:55.755  2549  3918 I ProcessMonitor: onForegroundInfoChanged: ForegroundInfo{mForegroundPackageName='com.android.todolist', mForegroundUid=10155, mForegroundPid=14794, mLastForegroundPackageName='com.mi.android.globallauncher', mLastForegroundUid=10716, mLastForegroundPid=18940, mMultiWindowForegroundPackageName='null', mMultiWindowForegroundUid=-1, mFlags=0}
3953:07-16 15:32:55.756  2549  3918 I GameBoosterService: onForegroundInfoChanged: Cur=com.android.todolist	 last=com.mi.android.globallauncher
3954:07-16 15:32:55.756  2549  3918 D GameBoosterService: onGameStatusChange foreground:ForegroundInfo{mForegroundPackageName='com.android.todolist', mForegroundUid=10155, mForegroundPid=14794, mLastForegroundPackageName='com.mi.android.globallauncher', mLastForegroundUid=10716, mLastForegroundPid=18940, mMultiWindowForegroundPackageName='null', mMultiWindowForegroundUid=-1, mFlags=0}
3983:07-16 15:32:56.140  1474  1545 I Timeline: Timeline: Activity_windows_visible id: ActivityRecord{4050b67 u0 com.android.todolist/.MainActivity t46199} time:193520140
4022:07-16 15:32:58.671 14794 14794 I Timeline: Timeline: Activity_launch_request time:193522671 intent:Intent { cmp=com.android.todolist/.ListActivity (has extras) }
4023:07-16 15:32:58.673  1474  2973 I ActivityManager: START u0 {cmp=com.android.todolist/.ListActivity (has extras)} from uid 10155 on display 0
4025:07-16 15:32:58.694 14794 14794 I Toast   : Show toast from OpPackageName:com.android.todolist, PackageName:com.android.todolist
4042:07-16 15:32:58.910  1474  1545 I ActivityManager: Displayed com.android.todolist/.ListActivity: +211ms
4043:07-16 15:32:58.911 26068 26093 D PowerKeeper.Event: notifyActivityLaunchTime: com.android.todolist/.ListActivity totalTime: 211
4047:07-16 15:32:59.185  1474  1545 I Timeline: Timeline: Activity_windows_visible id: ActivityRecord{87f502b u0 com.android.todolist/.ListActivity t46199} time:193523185
14152:07-16 15:40:45.887  2549  2571 I ProcessMonitor: onForegroundInfoChanged: ForegroundInfo{mForegroundPackageName='com.mi.android.globallauncher', mForegroundUid=10716, mForegroundPid=18940, mLastForegroundPackageName='com.android.todolist', mLastForegroundUid=10155, mLastForegroundPid=14794, mMultiWindowForegroundPackageName='null', mMultiWindowForegroundUid=-1, mFlags=0}
14153:07-16 15:40:45.887  2549  2571 I GameBoosterService: onForegroundInfoChanged: Cur=com.mi.android.globallauncher	 last=com.android.todolist
14155:07-16 15:40:45.888  2549  2571 D GameBoosterService: onGameStatusChange foreground:ForegroundInfo{mForegroundPackageName='com.mi.android.globallauncher', mForegroundUid=10716, mForegroundPid=18940, mLastForegroundPackageName='com.android.todolist', mLastForegroundUid=10155, mLastForegroundPid=14794, mMultiWindowForegroundPackageName='null', mMultiWindowForegroundUid=-1, mFlags=0}
14222:07-16 15:40:47.360 18940 18940 I Timeline: Timeline: Activity_launch_request time:193991360 intent:Intent { act=android.intent.action.MAIN cat=[android.intent.category.LAUNCHER] flg=0x10200000 cmp=com.android.todolist/.MainActivity bnds=[224,91][333,200] (has extras) }
14224:07-16 15:40:47.363  1474  2819 I ActivityManager: START u0 {act=android.intent.action.MAIN cat=[android.intent.category.LAUNCHER] flg=0x10200000 cmp=com.android.todolist/.MainActivity bnds=[224,91][333,200] (has extras)} from uid 10716 on display 0
14231:07-16 15:40:47.416  2549  2571 I ProcessMonitor: onForegroundInfoChanged: ForegroundInfo{mForegroundPackageName='com.android.todolist', mForegroundUid=10155, mForegroundPid=14794, mLastForegroundPackageName='com.mi.android.globallauncher', mLastForegroundUid=10716, mLastForegroundPid=18940, mMultiWindowForegroundPackageName='null', mMultiWindowForegroundUid=-1, mFlags=0}
14233:07-16 15:40:47.416  2549  2571 I GameBoosterService: onForegroundInfoChanged: Cur=com.android.todolist	 last=com.mi.android.globallauncher
14234:07-16 15:40:47.417  2549  2571 D GameBoosterService: onGameStatusChange foreground:ForegroundInfo{mForegroundPackageName='com.android.todolist', mForegroundUid=10155, mForegroundPid=14794, mLastForegroundPackageName='com.mi.android.globallauncher', mLastForegroundUid=10716, mLastForegroundPid=18940, mMultiWindowForegroundPackageName='null', mMultiWindowForegroundUid=-1, mFlags=0}
14263:07-16 15:40:47.823  1474  1545 I Timeline: Timeline: Activity_windows_visible id: ActivityRecord{87f502b u0 com.android.todolist/.ListActivity t46199} time:193991822
14340:07-16 15:40:50.085  2549  3918 I ProcessMonitor: onForegroundInfoChanged: ForegroundInfo{mForegroundPackageName='com.mi.android.globallauncher', mForegroundUid=10716, mForegroundPid=18940, mLastForegroundPackageName='com.android.todolist', mLastForegroundUid=10155, mLastForegroundPid=14794, mMultiWindowForegroundPackageName='null', mMultiWindowForegroundUid=-1, mFlags=0}
14341:07-16 15:40:50.085  2549  3918 I GameBoosterService: onForegroundInfoChanged: Cur=com.mi.android.globallauncher	 last=com.android.todolist
14343:07-16 15:40:50.086  2549  3918 D GameBoosterService: onGameStatusChange foreground:ForegroundInfo{mForegroundPackageName='com.mi.android.globallauncher', mForegroundUid=10716, mForegroundPid=18940, mLastForegroundPackageName='com.android.todolist', mLastForegroundUid=10155, mLastForegroundPid=14794, mMultiWindowForegroundPackageName='null', mMultiWindowForegroundUid=-1, mFlags=0}
15616:07-16 15:42:03.209 18940 18940 I Timeline: Timeline: Activity_launch_request time:194067208 intent:Intent { act=android.intent.action.MAIN cat=[android.intent.category.LAUNCHER] flg=0x10200000 cmp=com.android.todolist/.MainActivity bnds=[224,91][333,200] (has extras) }
15618:07-16 15:42:03.212  1474  2819 I ActivityManager: START u0 {act=android.intent.action.MAIN cat=[android.intent.category.LAUNCHER] flg=0x10200000 cmp=com.android.todolist/.MainActivity bnds=[224,91][333,200] (has extras)} from uid 10716 on display 0
15622:07-16 15:42:03.255  2549  3918 I ProcessMonitor: onForegroundInfoChanged: ForegroundInfo{mForegroundPackageName='com.android.todolist', mForegroundUid=10155, mForegroundPid=14794, mLastForegroundPackageName='com.mi.android.globallauncher', mLastForegroundUid=10716, mLastForegroundPid=18940, mMultiWindowForegroundPackageName='null', mMultiWindowForegroundUid=-1, mFlags=0}
15623:07-16 15:42:03.256  2549  3918 I GameBoosterService: onForegroundInfoChanged: Cur=com.android.todolist	 last=com.mi.android.globallauncher
15625:07-16 15:42:03.256  2549  3918 D GameBoosterService: onGameStatusChange foreground:ForegroundInfo{mForegroundPackageName='com.android.todolist', mForegroundUid=10155, mForegroundPid=14794, mLastForegroundPackageName='com.mi.android.globallauncher', mLastForegroundUid=10716, mLastForegroundPid=18940, mMultiWindowForegroundPackageName='null', mMultiWindowForegroundUid=-1, mFlags=0}
15661:07-16 15:42:03.645  1474  1545 I Timeline: Timeline: Activity_windows_visible id: ActivityRecord{87f502b u0 com.android.todolist/.ListActivity t46199} time:194067645
15737:07-16 15:42:07.200  2741  2758 W MiuiPerfServiceClient: interceptAndQueuing:14794|com.android.todolist|267|231|unknown|null|com.android.todolist/com.android.todolist.ListActivity|194070596108258|Slow main thread|2
15825:07-16 15:42:11.943  2741  2758 W MiuiPerfServiceClient: interceptAndQueuing:14794|com.android.todolist|149|119|unknown|null|com.android.todolist/com.android.todolist.ListActivity|194074972627996|Slow handle traversal|2
15851:07-16 15:42:13.671 31440 31440 I AndroidIME: AbstractIme.onActivate():86 LatinIme.onActivate() : EditorInfo = Package = com.android.todolist : Type = Text : Learning = Enable : Suggestion = Show : AutoCorrection = Enable : Microphone = Show : NoPersonalizedLearning = Disable :